<?xml version="1.0" encoding="UTF-8"?>
<!-- Generated by org.testng.reporters.JUnitXMLReporter -->
<testsuite ignored="0" hostname="Deep" failures="1" tests="4" name="Test" time="30.852" errors="0" timestamp="19 Feb 2020 03:38:14 GMT">
  <testcase classname="pages.HomePage" name="UrlCheck" time="19.974">
    <skipped/>
  </testcase> <!-- UrlCheck -->
  <testcase classname="pages.HomePage" name="UrlCheck" time="3.624">
    <skipped/>
  </testcase> <!-- UrlCheck -->
  <testcase classname="pages.HomePage" name="UrlCheck" time="3.722">
    <skipped/>
  </testcase> <!-- UrlCheck -->
  <testcase classname="pages.HomePage" name="UrlCheck" time="3.506">
    <failure type="java.lang.AssertionError" message="expected [My Ste] but found [My Store]">
      <![CDATA[java.lang.AssertionError: expected [My Ste] but found [My Store]
at pages.HomePage.UrlCheck(HomePage.java:19)
... Removed 31 stack frames]]>
    </failure>
  </testcase> <!-- UrlCheck -->
</testsuite> <!-- Test -->
